This file contains any messages produced by compilers while
running configure, to aid debugging if configure makes a mistake.

It was created by phonetisaurus configure 0.8.1, which was
generated by GNU Autoconf 2.69.  Invocation command line was

  $ ./configure --enable-python

## --------- ##
## Platform. ##
## --------- ##

hostname = x1debian
uname -m = x86_64
uname -r = 4.19.0-9-amd64
uname -s = Linux
uname -v = #1 SMP Debian 4.19.118-2 (2020-04-29)

/usr/bin/uname -p = unknown
/bin/uname -X     = unknown

/bin/arch              = x86_64
/usr/bin/arch -k       = unknown
/usr/convex/getsysinfo = unknown
/usr/bin/hostinfo      = unknown
/bin/machine           = unknown
/usr/bin/oslevel       = unknown
/bin/universe          = unknown

PATH: /home/jencmart/.nvm/versions/node/v12.9.1/bin
PATH: /usr/local/bin
PATH: /usr/bin
PATH: /bin
PATH: /usr/local/games
PATH: /usr/games
PATH: /snap/bin
PATH: /opt/mssql-tools/bin


## ----------- ##
## Core tests. ##
## ----------- ##

configure:2628: checking for a BSD-compatible install
configure:2696: result: /usr/bin/install -c
configure:2707: checking whether build environment is sane
configure:2762: result: yes
configure:2911: checking for a thread-safe mkdir -p
configure:2950: result: /usr/bin/mkdir -p
configure:2957: checking for gawk
configure:2973: found /usr/bin/gawk
configure:2984: result: gawk
configure:2995: checking whether make sets $(MAKE)
configure:3017: result: yes
configure:3046: checking whether make supports nested variables
configure:3063: result: yes
configure:3190: checking whether to enable maintainer-specific portions of Makefiles
configure:3199: result: no
configure:3225: checking for style of include used by make
configure:3253: result: GNU
configure:3324: checking for gcc
configure:3340: found /usr/bin/gcc
configure:3351: result: gcc
configure:3580: checking for C compiler version
configure:3589: gcc --version >&5
gcc (Debian 8.3.0-6) 8.3.0
Copyright (C) 2018 Free Software Foundation, Inc.
This is free software; see the source for copying conditions.  There is NO
warranty; not even for MERCHANTABILITY or FITNESS FOR A PARTICULAR PURPOSE.

configure:3600: $? = 0
configure:3589: gcc -v >&5
Using built-in specs.
COLLECT_GCC=gcc
COLLECT_LTO_WRAPPER=/usr/lib/gcc/x86_64-linux-gnu/8/lto-wrapper
OFFLOAD_TARGET_NAMES=nvptx-none
OFFLOAD_TARGET_DEFAULT=1
Target: x86_64-linux-gnu
Configured with: ../src/configure -v --with-pkgversion='Debian 8.3.0-6' --with-bugurl=file:///usr/share/doc/gcc-8/README.Bugs --enable-languages=c,ada,c++,go,brig,d,fortran,objc,obj-c++ --prefix=/usr --with-gcc-major-version-only --program-suffix=-8 --program-prefix=x86_64-linux-gnu- --enable-shared --enable-linker-build-id --libexecdir=/usr/lib --without-included-gettext --enable-threads=posix --libdir=/usr/lib --enable-nls --enable-bootstrap --enable-clocale=gnu --enable-libstdcxx-debug --enable-libstdcxx-time=yes --with-default-libstdcxx-abi=new --enable-gnu-unique-object --disable-vtable-verify --enable-libmpx --enable-plugin --enable-default-pie --with-system-zlib --with-target-system-zlib --enable-objc-gc=auto --enable-multiarch --disable-werror --with-arch-32=i686 --with-abi=m64 --with-multilib-list=m32,m64,mx32 --enable-multilib --with-tune=generic --enable-offload-targets=nvptx-none --without-cuda-driver --enable-checking=release --build=x86_64-linux-gnu --host=x86_64-linux-gnu --target=x86_64-linux-gnu
Thread model: posix
gcc version 8.3.0 (Debian 8.3.0-6) 
configure:3600: $? = 0
configure:3589: gcc -V >&5
gcc: error: unrecognized command line option '-V'
gcc: fatal error: no input files
compilation terminated.
configure:3600: $? = 1
configure:3589: gcc -qversion >&5
gcc: error: unrecognized command line option '-qversion'; did you mean '--version'?
gcc: fatal error: no input files
compilation terminated.
configure:3600: $? = 1
configure:3620: checking whether the C compiler works
configure:3642: gcc    conftest.c  >&5
configure:3646: $? = 0
configure:3694: result: yes
configure:3697: checking for C compiler default output file name
configure:3699: result: a.out
configure:3705: checking for suffix of executables
configure:3712: gcc -o conftest    conftest.c  >&5
configure:3716: $? = 0
configure:3738: result: 
configure:3760: checking whether we are cross compiling
configure:3768: gcc -o conftest    conftest.c  >&5
configure:3772: $? = 0
configure:3779: ./conftest
configure:3783: $? = 0
configure:3771: result: no
configure:3776: checking for suffix of object files
configure:3798: gcc -c   conftest.c >&5
configure:3802: $? = 0
configure:3823: result: o
configure:3827: checking whether we are using the GNU C compiler
configure:3846: gcc -c   conftest.c >&5
configure:3846: $? = 0
configure:3855: result: yes
configure:3864: checking whether gcc accepts -g
configure:3884: gcc -c -g  conftest.c >&5
configure:3884: $? = 0
configure:3925: result: yes
configure:3942: checking for gcc option to accept ISO C89
configure:4005: gcc  -c -g -O2  conftest.c >&5
configure:4005: $? = 0
configure:4018: result: none needed
configure:4043: checking whether gcc understands -c and -o together
configure:4065: gcc -c conftest.c -o conftest2.o
configure:4068: $? = 0
configure:4065: gcc -c conftest.c -o conftest2.o
configure:4068: $? = 0
configure:4080: result: yes
configure:4099: checking dependency style of gcc
configure:4210: result: gcc3
configure:4275: checking for ar
configure:4291: found /usr/bin/ar
configure:4302: result: ar
configure:4328: checking the archiver (ar) interface
configure:4344: gcc -c -g -O2  conftest.c >&5
configure:4344: $? = 0
configure:4346: ar cru libconftest.a conftest.o >&5
ar: `u' modifier ignored since `D' is the default (see `U')
configure:4349: $? = 0
configure:4348: result: ar
configure:4397: checking build system type
configure:4411: result: x86_64-pc-linux-gnu
configure:4431: checking host system type
configure:4444: result: x86_64-pc-linux-gnu
configure:4485: checking how to print strings
configure:4512: result: printf
configure:4533: checking for a sed that does not truncate output
configure:4597: result: /usr/bin/sed
configure:4615: checking for grep that handles long lines and -e
configure:4673: result: /usr/bin/grep
configure:4678: checking for egrep
configure:4740: result: /usr/bin/grep -E
configure:4745: checking for fgrep
configure:4807: result: /usr/bin/grep -F
configure:4842: checking for ld used by gcc
configure:4909: result: /usr/bin/ld
configure:4916: checking if the linker (/usr/bin/ld) is GNU ld
configure:4931: result: yes
configure:4943: checking for BSD- or MS-compatible name lister (nm)
configure:4997: result: /usr/bin/nm -B
configure:5127: checking the name lister (/usr/bin/nm -B) interface
configure:5134: gcc -c -g -O2  conftest.c >&5
configure:5137: /usr/bin/nm -B "conftest.o"
configure:5140: output
0000000000000000 B some_variable
configure:5141: result: BSD nm
configure:5144: checking whether ln -s works
configure:5148: result: yes
configure:5156: checking the maximum length of command line arguments
configure:5287: result: 1572864
configure:5335: checking how to convert x86_64-pc-linux-gnu file names to x86_64-pc-linux-gnu format
configure:5375: result: func_convert_file_noop
configure:5382: checking how to convert x86_64-pc-linux-gnu file names to toolchain format
configure:5402: result: func_convert_file_noop
configure:5409: checking for /usr/bin/ld option to reload object files
configure:5416: result: -r
configure:5490: checking for objdump
configure:5506: found /usr/bin/objdump
configure:5517: result: objdump
configure:5549: checking how to recognize dependent libraries
configure:5749: result: pass_all
configure:5834: checking for dlltool
configure:5864: result: no
configure:5894: checking how to associate runtime and link libraries
configure:5921: result: printf %s\n
configure:6045: checking for archiver @FILE support
configure:6062: gcc -c -g -O2  conftest.c >&5
configure:6062: $? = 0
configure:6065: ar cru libconftest.a @conftest.lst >&5
ar: `u' modifier ignored since `D' is the default (see `U')
configure:6068: $? = 0
configure:6073: ar cru libconftest.a @conftest.lst >&5
ar: `u' modifier ignored since `D' is the default (see `U')
ar: conftest.o: No such file or directory
configure:6076: $? = 1
configure:6075: result: @
configure:6133: checking for strip
configure:6149: found /usr/bin/strip
configure:6160: result: strip
configure:6232: checking for ranlib
configure:6248: found /usr/bin/ranlib
configure:6259: result: ranlib
configure:6361: checking command to parse /usr/bin/nm -B output from gcc object
configure:6514: gcc -c -g -O2  conftest.c >&5
configure:6517: $? = 0
configure:6521: /usr/bin/nm -B conftest.o \| sed -n -e 's/^.*[ ]\([ABCDGIRSTW][ABCDGIRSTW]*\)[ ][ ]*\([_A-Za-z][_A-Za-z0-9]*\)$/\1 \2 \2/p' | sed '/ __gnu_lto/d' \> conftest.nm
configure:6524: $? = 0
configure:6590: gcc -o conftest -g -O2   conftest.c conftstm.o >&5
configure:6593: $? = 0
configure:6631: result: ok
configure:6678: checking for sysroot
configure:6708: result: no
configure:6715: checking for a working dd
configure:6753: result: /usr/bin/dd
configure:6757: checking how to truncate binary pipes
configure:6772: result: /usr/bin/dd bs=4096 count=1
configure:6908: gcc -c -g -O2  conftest.c >&5
configure:6911: $? = 0
configure:7101: checking for mt
configure:7117: found /usr/bin/mt
configure:7128: result: mt
configure:7151: checking if mt is a manifest tool
configure:7157: mt '-?'
configure:7165: result: no
configure:7842: checking how to run the C preprocessor
configure:7873: gcc -E  conftest.c
configure:7873: $? = 0
configure:7887: gcc -E  conftest.c
conftest.c:11:10: fatal error: ac_nonexistent.h: No such file or directory
 #include <ac_nonexistent.h>
          ^~~~~~~~~~~~~~~~~~
compilation terminated.
configure:7887: $? = 1
configure: failed program was:
| /* confdefs.h */
| #define PACKAGE_NAME "phonetisaurus"
| #define PACKAGE_TARNAME "phonetisaurus"
| #define PACKAGE_VERSION "0.8.1"
| #define PACKAGE_STRING "phonetisaurus 0.8.1"
| #define PACKAGE_BUGREPORT "phonetisaurus@gmail.com"
| #define PACKAGE_URL ""
| #define PACKAGE "phonetisaurus"
| #define VERSION "0.8.1"
| /* end confdefs.h.  */
| #include <ac_nonexistent.h>
configure:7912: result: gcc -E
configure:7932: gcc -E  conftest.c
configure:7932: $? = 0
configure:7946: gcc -E  conftest.c
conftest.c:11:10: fatal error: ac_nonexistent.h: No such file or directory
 #include <ac_nonexistent.h>
          ^~~~~~~~~~~~~~~~~~
compilation terminated.
configure:7946: $? = 1
configure: failed program was:
| /* confdefs.h */
| #define PACKAGE_NAME "phonetisaurus"
| #define PACKAGE_TARNAME "phonetisaurus"
| #define PACKAGE_VERSION "0.8.1"
| #define PACKAGE_STRING "phonetisaurus 0.8.1"
| #define PACKAGE_BUGREPORT "phonetisaurus@gmail.com"
| #define PACKAGE_URL ""
| #define PACKAGE "phonetisaurus"
| #define VERSION "0.8.1"
| /* end confdefs.h.  */
| #include <ac_nonexistent.h>
configure:7975: checking for ANSI C header files
configure:7995: gcc -c -g -O2  conftest.c >&5
configure:7995: $? = 0
configure:8068: gcc -o conftest -g -O2   conftest.c  >&5
configure:8068: $? = 0
configure:8068: ./conftest
configure:8068: $? = 0
configure:8079: result: yes
configure:8092: checking for sys/types.h
configure:8092: gcc -c -g -O2  conftest.c >&5
configure:8092: $? = 0
configure:8092: result: yes
configure:8092: checking for sys/stat.h
configure:8092: gcc -c -g -O2  conftest.c >&5
configure:8092: $? = 0
configure:8092: result: yes
configure:8092: checking for stdlib.h
configure:8092: gcc -c -g -O2  conftest.c >&5
configure:8092: $? = 0
configure:8092: result: yes
configure:8092: checking for string.h
configure:8092: gcc -c -g -O2  conftest.c >&5
configure:8092: $? = 0
configure:8092: result: yes
configure:8092: checking for memory.h
configure:8092: gcc -c -g -O2  conftest.c >&5
configure:8092: $? = 0
configure:8092: result: yes
configure:8092: checking for strings.h
configure:8092: gcc -c -g -O2  conftest.c >&5
configure:8092: $? = 0
configure:8092: result: yes
configure:8092: checking for inttypes.h
configure:8092: gcc -c -g -O2  conftest.c >&5
configure:8092: $? = 0
configure:8092: result: yes
configure:8092: checking for stdint.h
configure:8092: gcc -c -g -O2  conftest.c >&5
configure:8092: $? = 0
configure:8092: result: yes
configure:8092: checking for unistd.h
configure:8092: gcc -c -g -O2  conftest.c >&5
configure:8092: $? = 0
configure:8092: result: yes
configure:8106: checking for dlfcn.h
configure:8106: gcc -c -g -O2  conftest.c >&5
configure:8106: $? = 0
configure:8106: result: yes
configure:8362: checking for objdir
configure:8377: result: .libs
configure:8641: checking if gcc supports -fno-rtti -fno-exceptions
configure:8659: gcc -c -g -O2  -fno-rtti -fno-exceptions conftest.c >&5
cc1: warning: command line option '-fno-rtti' is valid for C++/ObjC++ but not for C
configure:8663: $? = 0
configure:8676: result: no
configure:9034: checking for gcc option to produce PIC
configure:9041: result: -fPIC -DPIC
configure:9049: checking if gcc PIC flag -fPIC -DPIC works
configure:9067: gcc -c -g -O2  -fPIC -DPIC -DPIC conftest.c >&5
configure:9071: $? = 0
configure:9084: result: yes
configure:9113: checking if gcc static flag -static works
configure:9141: result: yes
configure:9156: checking if gcc supports -c -o file.o
configure:9177: gcc -c -g -O2  -o out/conftest2.o conftest.c >&5
configure:9181: $? = 0
configure:9203: result: yes
configure:9211: checking if gcc supports -c -o file.o
configure:9258: result: yes
configure:9291: checking whether the gcc linker (/usr/bin/ld -m elf_x86_64) supports shared libraries
configure:10554: result: yes
configure:10591: checking whether -lc should be explicitly linked in
configure:10599: gcc -c -g -O2  conftest.c >&5
configure:10602: $? = 0
configure:10617: gcc -shared  -fPIC -DPIC conftest.o  -v -Wl,-soname -Wl,conftest -o conftest 2\>\&1 \| /usr/bin/grep  -lc  \>/dev/null 2\>\&1
configure:10620: $? = 0
configure:10634: result: no
configure:10794: checking dynamic linker characteristics
configure:11375: gcc -o conftest -g -O2   -Wl,-rpath -Wl,/foo conftest.c  >&5
configure:11375: $? = 0
configure:11624: result: GNU/Linux ld.so
configure:11746: checking how to hardcode library paths into programs
configure:11771: result: immediate
configure:12319: checking whether stripping libraries is possible
configure:12324: result: yes
configure:12359: checking if libtool supports shared libraries
configure:12361: result: yes
configure:12364: checking whether to build shared libraries
configure:12389: result: yes
configure:12392: checking whether to build static libraries
configure:12396: result: yes
configure:9240: checking whether python3 version is >= 2.7
configure:9251: python3 -c import sys # split strings by '.' and convert to numeric. Append some zeros # because we need at least 4 digits for the hex conversion. # map returns an iterator in Python 3.0 and a list in 2.x minver = list(map(int, '2.7'.split('.'))) + [0, 0, 0] minverhex = 0 # xrange is not present in Python 3.0 and range returns an iterator for i in list(range(0, 4)): minverhex = (minverhex << 8) + minver[i] sys.exit(sys.hexversion < minverhex)
configure:9254: $? = 0
configure:9256: result: yes
configure:9349: checking for python3 version
configure:9356: result: 3.7
configure:9368: checking for python3 platform
configure:9375: result: linux
configure:9401: checking for python3 script directory
configure:9436: result: ${prefix}/lib/python3.7/site-packages
configure:9445: checking for python3 extension module directory
configure:9480: result: ${exec_prefix}/lib/python3.7/site-packages
configure:9515: checking for python3.7
configure:9533: found /usr/bin/python3.7
configure:9545: result: /usr/bin/python3.7
configure:9561: checking for a version of Python >= '2.1.0'
configure:9587: result: yes
configure:9595: checking for a version of Python >= '3.7'
configure:9601: result: yes
configure:9618: checking for the distutils Python package
configure:9622: result: yes
configure:9636: checking for Python include path
configure:9652: result: -I/usr/include/python3.7m
configure:9659: checking for Python library path
configure:9736: result: -L/usr/lib -lpython3.7m
configure:9743: checking for Python site-packages path
configure:9749: result: /usr/lib/python3/dist-packages
configure:9756: checking python extra libraries
configure:9763: result: -lcrypt -lpthread -ldl  -lutil -lm
configure:9770: checking python extra linking flags
configure:9777: result: -Xlinker -export-dynamic -Wl,-O1 -Wl,-Bsymbolic-functions
configure:9784: checking consistency of all components of python development environment
configure:9812: gcc -o conftest -g -O2  -I/usr/include/python3.7m  -lcrypt -lpthread -ldl  -lutil -lm conftest.c  -L/usr/lib -lpython3.7m -Xlinker -export-dynamic -Wl,-O1 -Wl,-Bsymbolic-functions -Xlinker -export-dynamic -Wl,-O1 -Wl,-Bsymbolic-functions >&5
configure:9812: $? = 0
configure:9830: result: yes
configure:9932: checking for g++
configure:9948: found /usr/bin/g++
configure:9959: result: g++
configure:9986: checking for C++ compiler version
configure:9995: g++ --version >&5
g++ (Debian 8.3.0-6) 8.3.0
Copyright (C) 2018 Free Software Foundation, Inc.
This is free software; see the source for copying conditions.  There is NO
warranty; not even for MERCHANTABILITY or FITNESS FOR A PARTICULAR PURPOSE.

configure:10006: $? = 0
configure:9995: g++ -v >&5
Using built-in specs.
COLLECT_GCC=g++
COLLECT_LTO_WRAPPER=/usr/lib/gcc/x86_64-linux-gnu/8/lto-wrapper
OFFLOAD_TARGET_NAMES=nvptx-none
OFFLOAD_TARGET_DEFAULT=1
Target: x86_64-linux-gnu
Configured with: ../src/configure -v --with-pkgversion='Debian 8.3.0-6' --with-bugurl=file:///usr/share/doc/gcc-8/README.Bugs --enable-languages=c,ada,c++,go,brig,d,fortran,objc,obj-c++ --prefix=/usr --with-gcc-major-version-only --program-suffix=-8 --program-prefix=x86_64-linux-gnu- --enable-shared --enable-linker-build-id --libexecdir=/usr/lib --without-included-gettext --enable-threads=posix --libdir=/usr/lib --enable-nls --enable-bootstrap --enable-clocale=gnu --enable-libstdcxx-debug --enable-libstdcxx-time=yes --with-default-libstdcxx-abi=new --enable-gnu-unique-object --disable-vtable-verify --enable-libmpx --enable-plugin --enable-default-pie --with-system-zlib --with-target-system-zlib --enable-objc-gc=auto --enable-multiarch --disable-werror --with-arch-32=i686 --with-abi=m64 --with-multilib-list=m32,m64,mx32 --enable-multilib --with-tune=generic --enable-offload-targets=nvptx-none --without-cuda-driver --enable-checking=release --build=x86_64-linux-gnu --host=x86_64-linux-gnu --target=x86_64-linux-gnu
Thread model: posix
gcc version 8.3.0 (Debian 8.3.0-6) 
configure:10006: $? = 0
configure:9995: g++ -V >&5
g++: error: unrecognized command line option '-V'
g++: fatal error: no input files
compilation terminated.
configure:10006: $? = 1
configure:9995: g++ -qversion >&5
g++: error: unrecognized command line option '-qversion'; did you mean '--version'?
g++: fatal error: no input files
compilation terminated.
configure:10006: $? = 1
configure:10010: checking whether we are using the GNU C++ compiler
configure:10029: g++ -c   conftest.cpp >&5
configure:10029: $? = 0
configure:10038: result: yes
configure:10047: checking whether g++ accepts -g
configure:10067: g++ -c -g  conftest.cpp >&5
configure:10067: $? = 0
configure:10108: result: yes
configure:10133: checking dependency style of g++
configure:10244: result: gcc3
configure:10277: checking how to run the C++ preprocessor
configure:10304: g++ -E  conftest.cpp
configure:10304: $? = 0
configure:10318: g++ -E  conftest.cpp
conftest.cpp:24:10: fatal error: ac_nonexistent.h: No such file or directory
 #include <ac_nonexistent.h>
          ^~~~~~~~~~~~~~~~~~
compilation terminated.
configure:10318: $? = 1
configure: failed program was:
| /* confdefs.h */
| #define PACKAGE_NAME "phonetisaurus"
| #define PACKAGE_TARNAME "phonetisaurus"
| #define PACKAGE_VERSION "0.8.1"
| #define PACKAGE_STRING "phonetisaurus 0.8.1"
| #define PACKAGE_BUGREPORT "phonetisaurus@gmail.com"
| #define PACKAGE_URL ""
| #define PACKAGE "phonetisaurus"
| #define VERSION "0.8.1"
| #define STDC_HEADERS 1
| #define HAVE_SYS_TYPES_H 1
| #define HAVE_SYS_STAT_H 1
| #define HAVE_STDLIB_H 1
| #define HAVE_STRING_H 1
| #define HAVE_MEMORY_H 1
| #define HAVE_STRINGS_H 1
| #define HAVE_INTTYPES_H 1
| #define HAVE_STDINT_H 1
| #define HAVE_UNISTD_H 1
| #define HAVE_DLFCN_H 1
| #define LT_OBJDIR ".libs/"
| #define HAVE_PYTHON "3.7"
| /* end confdefs.h.  */
| #include <ac_nonexistent.h>
configure:10343: result: g++ -E
configure:10363: g++ -E  conftest.cpp
configure:10363: $? = 0
configure:10377: g++ -E  conftest.cpp
conftest.cpp:24:10: fatal error: ac_nonexistent.h: No such file or directory
 #include <ac_nonexistent.h>
          ^~~~~~~~~~~~~~~~~~
compilation terminated.
configure:10377: $? = 1
configure: failed program was:
| /* confdefs.h */
| #define PACKAGE_NAME "phonetisaurus"
| #define PACKAGE_TARNAME "phonetisaurus"
| #define PACKAGE_VERSION "0.8.1"
| #define PACKAGE_STRING "phonetisaurus 0.8.1"
| #define PACKAGE_BUGREPORT "phonetisaurus@gmail.com"
| #define PACKAGE_URL ""
| #define PACKAGE "phonetisaurus"
| #define VERSION "0.8.1"
| #define STDC_HEADERS 1
| #define HAVE_SYS_TYPES_H 1
| #define HAVE_SYS_STAT_H 1
| #define HAVE_STDLIB_H 1
| #define HAVE_STRING_H 1
| #define HAVE_MEMORY_H 1
| #define HAVE_STRINGS_H 1
| #define HAVE_INTTYPES_H 1
| #define HAVE_STDINT_H 1
| #define HAVE_UNISTD_H 1
| #define HAVE_DLFCN_H 1
| #define LT_OBJDIR ".libs/"
| #define HAVE_PYTHON "3.7"
| /* end confdefs.h.  */
| #include <ac_nonexistent.h>
configure:10539: checking for ld used by g++
configure:10606: result: /usr/bin/ld -m elf_x86_64
configure:10613: checking if the linker (/usr/bin/ld -m elf_x86_64) is GNU ld
configure:10628: result: yes
configure:10683: checking whether the g++ linker (/usr/bin/ld -m elf_x86_64) supports shared libraries
configure:11756: result: yes
configure:11792: g++ -c -g -O2  conftest.cpp >&5
configure:11795: $? = 0
configure:12276: checking for g++ option to produce PIC
configure:12283: result: -fPIC -DPIC
configure:12291: checking if g++ PIC flag -fPIC -DPIC works
configure:12309: g++ -c -g -O2  -fPIC -DPIC -DPIC conftest.cpp >&5
configure:12313: $? = 0
configure:12326: result: yes
configure:12349: checking if g++ static flag -static works
configure:12377: result: yes
configure:12389: checking if g++ supports -c -o file.o
configure:12410: g++ -c -g -O2  -o out/conftest2.o conftest.cpp >&5
configure:12414: $? = 0
configure:12436: result: yes
configure:12441: checking if g++ supports -c -o file.o
configure:12488: result: yes
configure:12518: checking whether the g++ linker (/usr/bin/ld -m elf_x86_64) supports shared libraries
configure:12561: result: yes
configure:12702: checking dynamic linker characteristics
configure:13459: result: GNU/Linux ld.so
configure:13524: checking how to hardcode library paths into programs
configure:13549: result: immediate
configure:12427: checking whether g++ supports C++11 features by default
configure:12721: g++ -c -g -O2  conftest.cpp >&5
configure:12721: $? = 0
configure:12728: result: yes
configure:13455: checking for gcc
configure:13482: result: gcc
configure:13711: checking for C compiler version
configure:13720: gcc --version >&5
gcc (Debian 8.3.0-6) 8.3.0
Copyright (C) 2018 Free Software Foundation, Inc.
This is free software; see the source for copying conditions.  There is NO
warranty; not even for MERCHANTABILITY or FITNESS FOR A PARTICULAR PURPOSE.

configure:13731: $? = 0
configure:13720: gcc -v >&5
Using built-in specs.
COLLECT_GCC=gcc
COLLECT_LTO_WRAPPER=/usr/lib/gcc/x86_64-linux-gnu/8/lto-wrapper
OFFLOAD_TARGET_NAMES=nvptx-none
OFFLOAD_TARGET_DEFAULT=1
Target: x86_64-linux-gnu
Configured with: ../src/configure -v --with-pkgversion='Debian 8.3.0-6' --with-bugurl=file:///usr/share/doc/gcc-8/README.Bugs --enable-languages=c,ada,c++,go,brig,d,fortran,objc,obj-c++ --prefix=/usr --with-gcc-major-version-only --program-suffix=-8 --program-prefix=x86_64-linux-gnu- --enable-shared --enable-linker-build-id --libexecdir=/usr/lib --without-included-gettext --enable-threads=posix --libdir=/usr/lib --enable-nls --enable-bootstrap --enable-clocale=gnu --enable-libstdcxx-debug --enable-libstdcxx-time=yes --with-default-libstdcxx-abi=new --enable-gnu-unique-object --disable-vtable-verify --enable-libmpx --enable-plugin --enable-default-pie --with-system-zlib --with-target-system-zlib --enable-objc-gc=auto --enable-multiarch --disable-werror --with-arch-32=i686 --with-abi=m64 --with-multilib-list=m32,m64,mx32 --enable-multilib --with-tune=generic --enable-offload-targets=nvptx-none --without-cuda-driver --enable-checking=release --build=x86_64-linux-gnu --host=x86_64-linux-gnu --target=x86_64-linux-gnu
Thread model: posix
gcc version 8.3.0 (Debian 8.3.0-6) 
configure:13731: $? = 0
configure:13720: gcc -V >&5
gcc: error: unrecognized command line option '-V'
gcc: fatal error: no input files
compilation terminated.
configure:13731: $? = 1
configure:13720: gcc -qversion >&5
gcc: error: unrecognized command line option '-qversion'; did you mean '--version'?
gcc: fatal error: no input files
compilation terminated.
configure:13731: $? = 1
configure:13735: checking whether we are using the GNU C compiler
configure:13763: result: yes
configure:13772: checking whether gcc accepts -g
configure:13833: result: yes
configure:13850: checking for gcc option to accept ISO C89
configure:13926: result: none needed
configure:13951: checking whether gcc understands -c and -o together
configure:13988: result: yes
configure:14007: checking dependency style of gcc
configure:14118: result: gcc3
configure:14138: checking how to run the C preprocessor
configure:14208: result: gcc -E
configure:14228: gcc -E  conftest.c
configure:14228: $? = 0
configure:14242: gcc -E  conftest.c
conftest.c:25:10: fatal error: ac_nonexistent.h: No such file or directory
 #include <ac_nonexistent.h>
          ^~~~~~~~~~~~~~~~~~
compilation terminated.
configure:14242: $? = 1
configure: failed program was:
| /* confdefs.h */
| #define PACKAGE_NAME "phonetisaurus"
| #define PACKAGE_TARNAME "phonetisaurus"
| #define PACKAGE_VERSION "0.8.1"
| #define PACKAGE_STRING "phonetisaurus 0.8.1"
| #define PACKAGE_BUGREPORT "phonetisaurus@gmail.com"
| #define PACKAGE_URL ""
| #define PACKAGE "phonetisaurus"
| #define VERSION "0.8.1"
| #define STDC_HEADERS 1
| #define HAVE_SYS_TYPES_H 1
| #define HAVE_SYS_STAT_H 1
| #define HAVE_STDLIB_H 1
| #define HAVE_STRING_H 1
| #define HAVE_MEMORY_H 1
| #define HAVE_STRINGS_H 1
| #define HAVE_INTTYPES_H 1
| #define HAVE_STDINT_H 1
| #define HAVE_UNISTD_H 1
| #define HAVE_DLFCN_H 1
| #define LT_OBJDIR ".libs/"
| #define HAVE_PYTHON "3.7"
| #define HAVE_CXX11 1
| /* end confdefs.h.  */
| #include <ac_nonexistent.h>
configure:14271: checking whether ln -s works
configure:14275: result: yes
configure:14284: checking for getgid in -lc
configure:14309: g++ -o conftest -g -O2   conftest.cpp -lc   >&5
configure:14309: $? = 0
configure:14318: result: yes
configure:14326: checking for dlopen in -ldl
configure:14351: g++ -o conftest -g -O2   conftest.cpp -ldl   >&5
configure:14351: $? = 0
configure:14360: result: yes
configure:14373: checking for cos in -lm
configure:14398: g++ -o conftest -g -O2   conftest.cpp -lm  -ldl  >&5
conftest.cpp:34:6: warning: declaration of 'char cos()' conflicts with built-in declaration 'double cos(double)' [-Wbuiltin-declaration-mismatch]
 char cos ();
      ^~~
configure:14398: $? = 0
configure:14407: result: yes
configure:14420: checking for pthread_mutex_init in -lpthread
configure:14445: g++ -o conftest -g -O2   conftest.cpp -lpthread  -lm -ldl  >&5
configure:14445: $? = 0
configure:14454: result: yes
configure:14473: checking stddef.h usability
configure:14473: g++ -c -g -O2  conftest.cpp >&5
configure:14473: $? = 0
configure:14473: result: yes
configure:14473: checking stddef.h presence
configure:14473: g++ -E  conftest.cpp
configure:14473: $? = 0
configure:14473: result: yes
configure:14473: checking for stddef.h
configure:14473: result: yes
configure:14473: checking for stdlib.h
configure:14473: result: yes
configure:14473: checking for string.h
configure:14473: result: yes
configure:14485: checking for stdbool.h that conforms to C99
configure:14552: g++ -c -g -O2  conftest.cpp >&5
conftest.cpp:35:15: error: expected unqualified-id before string constant
               "error: bool is not defined"
               ^~~~~~~~~~~~~~~~~~~~~~~~~~~~
conftest.cpp:53:48: error: 's' does not name a type
              struct s { _Bool s: 1; _Bool t; } s;
                                                ^
conftest.cpp:63:28: error: 's' was not declared in this scope
              char i[sizeof s.t];
                            ^
conftest.cpp: In function 'int main()':
conftest.cpp:81:24: error: 's' was not declared in this scope
              bool e = &s;
                        ^
conftest.cpp:85:63: error: 'i' was not declared in this scope
              return (!a + !b + !c + !d + !e + !f + !g + !h + !i + !!j + !k + !!l
                                                               ^
configure:14552: $? = 1
configure: failed program was:
| /* confdefs.h */
| #define PACKAGE_NAME "phonetisaurus"
| #define PACKAGE_TARNAME "phonetisaurus"
| #define PACKAGE_VERSION "0.8.1"
| #define PACKAGE_STRING "phonetisaurus 0.8.1"
| #define PACKAGE_BUGREPORT "phonetisaurus@gmail.com"
| #define PACKAGE_URL ""
| #define PACKAGE "phonetisaurus"
| #define VERSION "0.8.1"
| #define STDC_HEADERS 1
| #define HAVE_SYS_TYPES_H 1
| #define HAVE_SYS_STAT_H 1
| #define HAVE_STDLIB_H 1
| #define HAVE_STRING_H 1
| #define HAVE_MEMORY_H 1
| #define HAVE_STRINGS_H 1
| #define HAVE_INTTYPES_H 1
| #define HAVE_STDINT_H 1
| #define HAVE_UNISTD_H 1
| #define HAVE_DLFCN_H 1
| #define LT_OBJDIR ".libs/"
| #define HAVE_PYTHON "3.7"
| #define HAVE_CXX11 1
| #define HAVE_GETGID 1
| #define HAVE_LIBDL 1
| #define HAVE_LIBM 1
| #define HAVE_LIBPTHREAD 1
| #define HAVE_STDDEF_H 1
| #define HAVE_STDLIB_H 1
| #define HAVE_STRING_H 1
| /* end confdefs.h.  */
| 
|              #include <stdbool.h>
|              #ifndef bool
|               "error: bool is not defined"
|              #endif
|              #ifndef false
|               "error: false is not defined"
|              #endif
|              #if false
|               "error: false is not 0"
|              #endif
|              #ifndef true
|               "error: true is not defined"
|              #endif
|              #if true != 1
|               "error: true is not 1"
|              #endif
|              #ifndef __bool_true_false_are_defined
|               "error: __bool_true_false_are_defined is not defined"
|              #endif
| 
|              struct s { _Bool s: 1; _Bool t; } s;
| 
|              char a[true == 1 ? 1 : -1];
|              char b[false == 0 ? 1 : -1];
|              char c[__bool_true_false_are_defined == 1 ? 1 : -1];
|              char d[(bool) 0.5 == true ? 1 : -1];
|              /* See body of main program for 'e'.  */
|              char f[(_Bool) 0.0 == false ? 1 : -1];
|              char g[true];
|              char h[sizeof (_Bool)];
|              char i[sizeof s.t];
|              enum { j = false, k = true, l = false * true, m = true * 256 };
|              /* The following fails for
|                 HP aC++/ANSI C B3910B A.05.55 [Dec 04 2003]. */
|              _Bool n[m];
|              char o[sizeof n == m * sizeof n[0] ? 1 : -1];
|              char p[-1 - (_Bool) 0 < 0 && -1 - (bool) 0 < 0 ? 1 : -1];
|              /* Catch a bug in an HP-UX C compiler.  See
|                 http://gcc.gnu.org/ml/gcc-patches/2003-12/msg02303.html
|                 http://lists.gnu.org/archive/html/bug-coreutils/2005-11/msg00161.html
|               */
|              _Bool q = true;
|              _Bool *pq = &q;
| 
| int
| main ()
| {
| 
|              bool e = &s;
|              *pq |= q;
|              *pq |= ! q;
|              /* Refer to every declared value, to avoid compiler optimizations.  */
|              return (!a + !b + !c + !d + !e + !f + !g + !h + !i + !!j + !k + !!l
|                      + !m + !n + !o + !p + !q + !pq);
| 
|   ;
|   return 0;
| }
configure:14559: result: no
configure:14561: checking for _Bool
configure:14561: g++ -c -g -O2  conftest.cpp >&5
conftest.cpp: In function 'int main()':
conftest.cpp:68:13: error: '_Bool' was not declared in this scope
 if (sizeof (_Bool))
             ^~~~~
conftest.cpp:68:13: note: suggested alternative: 'bool'
 if (sizeof (_Bool))
             ^~~~~
             bool
configure:14561: $? = 1
configure: failed program was:
| /* confdefs.h */
| #define PACKAGE_NAME "phonetisaurus"
| #define PACKAGE_TARNAME "phonetisaurus"
| #define PACKAGE_VERSION "0.8.1"
| #define PACKAGE_STRING "phonetisaurus 0.8.1"
| #define PACKAGE_BUGREPORT "phonetisaurus@gmail.com"
| #define PACKAGE_URL ""
| #define PACKAGE "phonetisaurus"
| #define VERSION "0.8.1"
| #define STDC_HEADERS 1
| #define HAVE_SYS_TYPES_H 1
| #define HAVE_SYS_STAT_H 1
| #define HAVE_STDLIB_H 1
| #define HAVE_STRING_H 1
| #define HAVE_MEMORY_H 1
| #define HAVE_STRINGS_H 1
| #define HAVE_INTTYPES_H 1
| #define HAVE_STDINT_H 1
| #define HAVE_UNISTD_H 1
| #define HAVE_DLFCN_H 1
| #define LT_OBJDIR ".libs/"
| #define HAVE_PYTHON "3.7"
| #define HAVE_CXX11 1
| #define HAVE_GETGID 1
| #define HAVE_LIBDL 1
| #define HAVE_LIBM 1
| #define HAVE_LIBPTHREAD 1
| #define HAVE_STDDEF_H 1
| #define HAVE_STDLIB_H 1
| #define HAVE_STRING_H 1
| /* end confdefs.h.  */
| #include <stdio.h>
| #ifdef HAVE_SYS_TYPES_H
| # include <sys/types.h>
| #endif
| #ifdef HAVE_SYS_STAT_H
| # include <sys/stat.h>
| #endif
| #ifdef STDC_HEADERS
| # include <stdlib.h>
| # include <stddef.h>
| #else
| # ifdef HAVE_STDLIB_H
| #  include <stdlib.h>
| # endif
| #endif
| #ifdef HAVE_STRING_H
| # if !defined STDC_HEADERS && defined HAVE_MEMORY_H
| #  include <memory.h>
| # endif
| # include <string.h>
| #endif
| #ifdef HAVE_STRINGS_H
| # include <strings.h>
| #endif
| #ifdef HAVE_INTTYPES_H
| # include <inttypes.h>
| #endif
| #ifdef HAVE_STDINT_H
| # include <stdint.h>
| #endif
| #ifdef HAVE_UNISTD_H
| # include <unistd.h>
| #endif
| int
| main ()
| {
| if (sizeof (_Bool))
| 	 return 0;
|   ;
|   return 0;
| }
configure:14561: result: no
configure:14572: checking for inline
configure:14588: g++ -c -g -O2  conftest.cpp >&5
configure:14588: $? = 0
configure:14596: result: inline
configure:14614: checking for size_t
configure:14614: g++ -c -g -O2  conftest.cpp >&5
configure:14614: $? = 0
configure:14614: g++ -c -g -O2  conftest.cpp >&5
conftest.cpp: In function 'int main()':
conftest.cpp:68:20: error: expected primary-expression before ')' token
 if (sizeof ((size_t)))
                    ^
configure:14614: $? = 1
configure: failed program was:
| /* confdefs.h */
| #define PACKAGE_NAME "phonetisaurus"
| #define PACKAGE_TARNAME "phonetisaurus"
| #define PACKAGE_VERSION "0.8.1"
| #define PACKAGE_STRING "phonetisaurus 0.8.1"
| #define PACKAGE_BUGREPORT "phonetisaurus@gmail.com"
| #define PACKAGE_URL ""
| #define PACKAGE "phonetisaurus"
| #define VERSION "0.8.1"
| #define STDC_HEADERS 1
| #define HAVE_SYS_TYPES_H 1
| #define HAVE_SYS_STAT_H 1
| #define HAVE_STDLIB_H 1
| #define HAVE_STRING_H 1
| #define HAVE_MEMORY_H 1
| #define HAVE_STRINGS_H 1
| #define HAVE_INTTYPES_H 1
| #define HAVE_STDINT_H 1
| #define HAVE_UNISTD_H 1
| #define HAVE_DLFCN_H 1
| #define LT_OBJDIR ".libs/"
| #define HAVE_PYTHON "3.7"
| #define HAVE_CXX11 1
| #define HAVE_GETGID 1
| #define HAVE_LIBDL 1
| #define HAVE_LIBM 1
| #define HAVE_LIBPTHREAD 1
| #define HAVE_STDDEF_H 1
| #define HAVE_STDLIB_H 1
| #define HAVE_STRING_H 1
| /* end confdefs.h.  */
| #include <stdio.h>
| #ifdef HAVE_SYS_TYPES_H
| # include <sys/types.h>
| #endif
| #ifdef HAVE_SYS_STAT_H
| # include <sys/stat.h>
| #endif
| #ifdef STDC_HEADERS
| # include <stdlib.h>
| # include <stddef.h>
| #else
| # ifdef HAVE_STDLIB_H
| #  include <stdlib.h>
| # endif
| #endif
| #ifdef HAVE_STRING_H
| # if !defined STDC_HEADERS && defined HAVE_MEMORY_H
| #  include <memory.h>
| # endif
| # include <string.h>
| #endif
| #ifdef HAVE_STRINGS_H
| # include <strings.h>
| #endif
| #ifdef HAVE_INTTYPES_H
| # include <inttypes.h>
| #endif
| #ifdef HAVE_STDINT_H
| # include <stdint.h>
| #endif
| #ifdef HAVE_UNISTD_H
| # include <unistd.h>
| #endif
| int
| main ()
| {
| if (sizeof ((size_t)))
| 	    return 0;
|   ;
|   return 0;
| }
configure:14614: result: yes
configure:14625: checking for ssize_t
configure:14625: g++ -c -g -O2  conftest.cpp >&5
configure:14625: $? = 0
configure:14625: g++ -c -g -O2  conftest.cpp >&5
conftest.cpp: In function 'int main()':
conftest.cpp:68:21: error: expected primary-expression before ')' token
 if (sizeof ((ssize_t)))
                     ^
configure:14625: $? = 1
configure: failed program was:
| /* confdefs.h */
| #define PACKAGE_NAME "phonetisaurus"
| #define PACKAGE_TARNAME "phonetisaurus"
| #define PACKAGE_VERSION "0.8.1"
| #define PACKAGE_STRING "phonetisaurus 0.8.1"
| #define PACKAGE_BUGREPORT "phonetisaurus@gmail.com"
| #define PACKAGE_URL ""
| #define PACKAGE "phonetisaurus"
| #define VERSION "0.8.1"
| #define STDC_HEADERS 1
| #define HAVE_SYS_TYPES_H 1
| #define HAVE_SYS_STAT_H 1
| #define HAVE_STDLIB_H 1
| #define HAVE_STRING_H 1
| #define HAVE_MEMORY_H 1
| #define HAVE_STRINGS_H 1
| #define HAVE_INTTYPES_H 1
| #define HAVE_STDINT_H 1
| #define HAVE_UNISTD_H 1
| #define HAVE_DLFCN_H 1
| #define LT_OBJDIR ".libs/"
| #define HAVE_PYTHON "3.7"
| #define HAVE_CXX11 1
| #define HAVE_GETGID 1
| #define HAVE_LIBDL 1
| #define HAVE_LIBM 1
| #define HAVE_LIBPTHREAD 1
| #define HAVE_STDDEF_H 1
| #define HAVE_STDLIB_H 1
| #define HAVE_STRING_H 1
| /* end confdefs.h.  */
| #include <stdio.h>
| #ifdef HAVE_SYS_TYPES_H
| # include <sys/types.h>
| #endif
| #ifdef HAVE_SYS_STAT_H
| # include <sys/stat.h>
| #endif
| #ifdef STDC_HEADERS
| # include <stdlib.h>
| # include <stddef.h>
| #else
| # ifdef HAVE_STDLIB_H
| #  include <stdlib.h>
| # endif
| #endif
| #ifdef HAVE_STRING_H
| # if !defined STDC_HEADERS && defined HAVE_MEMORY_H
| #  include <memory.h>
| # endif
| # include <string.h>
| #endif
| #ifdef HAVE_STRINGS_H
| # include <strings.h>
| #endif
| #ifdef HAVE_INTTYPES_H
| # include <inttypes.h>
| #endif
| #ifdef HAVE_STDINT_H
| # include <stdint.h>
| #endif
| #ifdef HAVE_UNISTD_H
| # include <unistd.h>
| #endif
| int
| main ()
| {
| if (sizeof ((ssize_t)))
| 	    return 0;
|   ;
|   return 0;
| }
configure:14625: result: yes
configure:14636: checking for ptrdiff_t
configure:14636: g++ -c -g -O2  conftest.cpp >&5
configure:14636: $? = 0
configure:14636: g++ -c -g -O2  conftest.cpp >&5
conftest.cpp: In function 'int main()':
conftest.cpp:68:23: error: expected primary-expression before ')' token
 if (sizeof ((ptrdiff_t)))
                       ^
configure:14636: $? = 1
configure: failed program was:
| /* confdefs.h */
| #define PACKAGE_NAME "phonetisaurus"
| #define PACKAGE_TARNAME "phonetisaurus"
| #define PACKAGE_VERSION "0.8.1"
| #define PACKAGE_STRING "phonetisaurus 0.8.1"
| #define PACKAGE_BUGREPORT "phonetisaurus@gmail.com"
| #define PACKAGE_URL ""
| #define PACKAGE "phonetisaurus"
| #define VERSION "0.8.1"
| #define STDC_HEADERS 1
| #define HAVE_SYS_TYPES_H 1
| #define HAVE_SYS_STAT_H 1
| #define HAVE_STDLIB_H 1
| #define HAVE_STRING_H 1
| #define HAVE_MEMORY_H 1
| #define HAVE_STRINGS_H 1
| #define HAVE_INTTYPES_H 1
| #define HAVE_STDINT_H 1
| #define HAVE_UNISTD_H 1
| #define HAVE_DLFCN_H 1
| #define LT_OBJDIR ".libs/"
| #define HAVE_PYTHON "3.7"
| #define HAVE_CXX11 1
| #define HAVE_GETGID 1
| #define HAVE_LIBDL 1
| #define HAVE_LIBM 1
| #define HAVE_LIBPTHREAD 1
| #define HAVE_STDDEF_H 1
| #define HAVE_STDLIB_H 1
| #define HAVE_STRING_H 1
| /* end confdefs.h.  */
| #include <stdio.h>
| #ifdef HAVE_SYS_TYPES_H
| # include <sys/types.h>
| #endif
| #ifdef HAVE_SYS_STAT_H
| # include <sys/stat.h>
| #endif
| #ifdef STDC_HEADERS
| # include <stdlib.h>
| # include <stddef.h>
| #else
| # ifdef HAVE_STDLIB_H
| #  include <stdlib.h>
| # endif
| #endif
| #ifdef HAVE_STRING_H
| # if !defined STDC_HEADERS && defined HAVE_MEMORY_H
| #  include <memory.h>
| # endif
| # include <string.h>
| #endif
| #ifdef HAVE_STRINGS_H
| # include <strings.h>
| #endif
| #ifdef HAVE_INTTYPES_H
| # include <inttypes.h>
| #endif
| #ifdef HAVE_STDINT_H
| # include <stdint.h>
| #endif
| #ifdef HAVE_UNISTD_H
| # include <unistd.h>
| #endif
| int
| main ()
| {
| if (sizeof ((ptrdiff_t)))
| 	    return 0;
|   ;
|   return 0;
| }
configure:14636: result: yes
configure:14648: checking for working strtod
configure:14689: g++ -o conftest -g -O2   conftest.cpp -lpthread -lm -ldl  >&5
conftest.cpp: In function 'int main()':
conftest.cpp:75:20: warning: ISO C++ forbids converting a string constant to 'char*' [-Wwrite-strings]
     char *string = " +69";
                    ^~~~~~
conftest.cpp:86:20: warning: ISO C++ forbids converting a string constant to 'char*' [-Wwrite-strings]
     char *string = "NaN";
                    ^~~~~
configure:14689: $? = 0
configure:14689: ./conftest
configure:14689: $? = 0
configure:14699: result: yes
configure:14764: checking for memmove
configure:14764: g++ -o conftest -g -O2   conftest.cpp -lpthread -lm -ldl  >&5
conftest.cpp:56:6: warning: declaration of 'char memmove()' conflicts with built-in declaration 'void* memmove(void*, const void*, long unsigned int)' [-Wbuiltin-declaration-mismatch]
 char memmove ();
      ^~~~~~~
configure:14764: $? = 0
configure:14764: result: yes
configure:14764: checking for strchr
configure:14764: g++ -o conftest -g -O2   conftest.cpp -lpthread -lm -ldl  >&5
conftest.cpp:57:6: warning: declaration of 'char strchr()' conflicts with built-in declaration 'char* strchr(const char*, int)' [-Wbuiltin-declaration-mismatch]
 char strchr ();
      ^~~~~~
configure:14764: $? = 0
configure:14764: result: yes
configure:14764: checking for strrchr
configure:14764: g++ -o conftest -g -O2   conftest.cpp -lpthread -lm -ldl  >&5
conftest.cpp:58:6: warning: declaration of 'char strrchr()' conflicts with built-in declaration 'char* strrchr(const char*, int)' [-Wbuiltin-declaration-mismatch]
 char strrchr ();
      ^~~~~~~
configure:14764: $? = 0
configure:14764: result: yes
configure:14764: checking for strspn
configure:14764: g++ -o conftest -g -O2   conftest.cpp -lpthread -lm -ldl  >&5
conftest.cpp:59:6: warning: declaration of 'char strspn()' conflicts with built-in declaration 'long unsigned int strspn(const char*, const char*)' [-Wbuiltin-declaration-mismatch]
 char strspn ();
      ^~~~~~
configure:14764: $? = 0
configure:14764: result: yes
configure:14812: checking fst/fst.h usability
configure:14812: g++ -c -g -O2  conftest.cpp >&5
configure:14812: $? = 0
configure:14812: result: yes
configure:14812: checking fst/fst.h presence
configure:14812: g++ -E  conftest.cpp
configure:14812: $? = 0
configure:14812: result: yes
configure:14812: checking for fst/fst.h
configure:14812: result: yes
configure:14849: checking for openfst libraries
configure:14893: g++ -o conftest -g -O2  -lfst -lfstfar -lfstngram conftest.cpp -lpthread -lm -ldl  >&5
configure:14893: $? = 0
configure:14902: result: -lfst -lfstfar -lfstngram
configure:14953: checking for OpenMP flag of C++ compiler
configure:14998: g++ -o conftest -g -O2 -fopenmp   conftest.cpp -lpthread -lm -ldl  >&5
configure:14998: $? = 0
configure:15007: result: -fopenmp
configure:15054: checking utf8.h usability
configure:15054: g++ -c -g -O2  conftest.cpp >&5
conftest.cpp:72:10: fatal error: utf8.h: No such file or directory
 #include <utf8.h>
          ^~~~~~~~
compilation terminated.
configure:15054: $? = 1
configure: failed program was:
| /* confdefs.h */
| #define PACKAGE_NAME "phonetisaurus"
| #define PACKAGE_TARNAME "phonetisaurus"
| #define PACKAGE_VERSION "0.8.1"
| #define PACKAGE_STRING "phonetisaurus 0.8.1"
| #define PACKAGE_BUGREPORT "phonetisaurus@gmail.com"
| #define PACKAGE_URL ""
| #define PACKAGE "phonetisaurus"
| #define VERSION "0.8.1"
| #define STDC_HEADERS 1
| #define HAVE_SYS_TYPES_H 1
| #define HAVE_SYS_STAT_H 1
| #define HAVE_STDLIB_H 1
| #define HAVE_STRING_H 1
| #define HAVE_MEMORY_H 1
| #define HAVE_STRINGS_H 1
| #define HAVE_INTTYPES_H 1
| #define HAVE_STDINT_H 1
| #define HAVE_UNISTD_H 1
| #define HAVE_DLFCN_H 1
| #define LT_OBJDIR ".libs/"
| #define HAVE_PYTHON "3.7"
| #define HAVE_CXX11 1
| #define HAVE_GETGID 1
| #define HAVE_LIBDL 1
| #define HAVE_LIBM 1
| #define HAVE_LIBPTHREAD 1
| #define HAVE_STDDEF_H 1
| #define HAVE_STDLIB_H 1
| #define HAVE_STRING_H 1
| #define HAVE_PTRDIFF_T 1
| #define HAVE_MEMMOVE 1
| #define HAVE_STRCHR 1
| #define HAVE_STRRCHR 1
| #define HAVE_STRSPN 1
| #define HAVE_FST_FST_H 1
| #define HAVE_OPENMP 1
| /* end confdefs.h.  */
| #include <stdio.h>
| #ifdef HAVE_SYS_TYPES_H
| # include <sys/types.h>
| #endif
| #ifdef HAVE_SYS_STAT_H
| # include <sys/stat.h>
| #endif
| #ifdef STDC_HEADERS
| # include <stdlib.h>
| # include <stddef.h>
| #else
| # ifdef HAVE_STDLIB_H
| #  include <stdlib.h>
| # endif
| #endif
| #ifdef HAVE_STRING_H
| # if !defined STDC_HEADERS && defined HAVE_MEMORY_H
| #  include <memory.h>
| # endif
| # include <string.h>
| #endif
| #ifdef HAVE_STRINGS_H
| # include <strings.h>
| #endif
| #ifdef HAVE_INTTYPES_H
| # include <inttypes.h>
| #endif
| #ifdef HAVE_STDINT_H
| # include <stdint.h>
| #endif
| #ifdef HAVE_UNISTD_H
| # include <unistd.h>
| #endif
| #include <utf8.h>
configure:15054: result: no
configure:15054: checking utf8.h presence
configure:15054: g++ -E  conftest.cpp
conftest.cpp:39:10: fatal error: utf8.h: No such file or directory
 #include <utf8.h>
          ^~~~~~~~
compilation terminated.
configure:15054: $? = 1
configure: failed program was:
| /* confdefs.h */
| #define PACKAGE_NAME "phonetisaurus"
| #define PACKAGE_TARNAME "phonetisaurus"
| #define PACKAGE_VERSION "0.8.1"
| #define PACKAGE_STRING "phonetisaurus 0.8.1"
| #define PACKAGE_BUGREPORT "phonetisaurus@gmail.com"
| #define PACKAGE_URL ""
| #define PACKAGE "phonetisaurus"
| #define VERSION "0.8.1"
| #define STDC_HEADERS 1
| #define HAVE_SYS_TYPES_H 1
| #define HAVE_SYS_STAT_H 1
| #define HAVE_STDLIB_H 1
| #define HAVE_STRING_H 1
| #define HAVE_MEMORY_H 1
| #define HAVE_STRINGS_H 1
| #define HAVE_INTTYPES_H 1
| #define HAVE_STDINT_H 1
| #define HAVE_UNISTD_H 1
| #define HAVE_DLFCN_H 1
| #define LT_OBJDIR ".libs/"
| #define HAVE_PYTHON "3.7"
| #define HAVE_CXX11 1
| #define HAVE_GETGID 1
| #define HAVE_LIBDL 1
| #define HAVE_LIBM 1
| #define HAVE_LIBPTHREAD 1
| #define HAVE_STDDEF_H 1
| #define HAVE_STDLIB_H 1
| #define HAVE_STRING_H 1
| #define HAVE_PTRDIFF_T 1
| #define HAVE_MEMMOVE 1
| #define HAVE_STRCHR 1
| #define HAVE_STRRCHR 1
| #define HAVE_STRSPN 1
| #define HAVE_FST_FST_H 1
| #define HAVE_OPENMP 1
| /* end confdefs.h.  */
| #include <utf8.h>
configure:15054: result: no
configure:15054: checking for utf8.h
configure:15054: result: no
configure:15222: checking that generated files are newer than configure
configure:15228: result: done
configure:15291: creating ./config.status

## ---------------------- ##
## Running config.status. ##
## ---------------------- ##

This file was extended by phonetisaurus config.status 0.8.1, which was
generated by GNU Autoconf 2.69.  Invocation command line was

  CONFIG_FILES    = 
  CONFIG_HEADERS  = 
  CONFIG_LINKS    = 
  CONFIG_COMMANDS = 
  $ ./config.status 

on x1debian

config.status:1107: creating Makefile
config.status:1279: executing depfiles commands
config.status:1279: executing libtool commands

## ---------------- ##
## Cache variables. ##
## ---------------- ##

ac_cv_build=x86_64-pc-linux-gnu
ac_cv_c_compiler_gnu=yes
ac_cv_c_inline=inline
ac_cv_cxx_compiler_gnu=yes
ac_cv_env_CCC_set=
ac_cv_env_CCC_value=
ac_cv_env_CC_set=
ac_cv_env_CC_value=
ac_cv_env_CFLAGS_set=
ac_cv_env_CFLAGS_value=
ac_cv_env_CPPFLAGS_set=
ac_cv_env_CPPFLAGS_value=
ac_cv_env_CPP_set=
ac_cv_env_CPP_value=
ac_cv_env_CXXCPP_set=
ac_cv_env_CXXCPP_value=
ac_cv_env_CXXFLAGS_set=
ac_cv_env_CXXFLAGS_value=
ac_cv_env_CXX_set=
ac_cv_env_CXX_value=
ac_cv_env_LDFLAGS_set=
ac_cv_env_LDFLAGS_value=
ac_cv_env_LIBS_set=
ac_cv_env_LIBS_value=
ac_cv_env_LT_SYS_LIBRARY_PATH_set=
ac_cv_env_LT_SYS_LIBRARY_PATH_value=
ac_cv_env_PYTHON_VERSION_set=
ac_cv_env_PYTHON_VERSION_value=
ac_cv_env_PYTHON_set=set
ac_cv_env_PYTHON_value=python3
ac_cv_env_build_alias_set=
ac_cv_env_build_alias_value=
ac_cv_env_host_alias_set=
ac_cv_env_host_alias_value=
ac_cv_env_target_alias_set=
ac_cv_env_target_alias_value=
ac_cv_func_memmove=yes
ac_cv_func_strchr=yes
ac_cv_func_strrchr=yes
ac_cv_func_strspn=yes
ac_cv_func_strtod=yes
ac_cv_header_dlfcn_h=yes
ac_cv_header_fst_fst_h=yes
ac_cv_header_inttypes_h=yes
ac_cv_header_memory_h=yes
ac_cv_header_stdbool_h=no
ac_cv_header_stdc=yes
ac_cv_header_stddef_h=yes
ac_cv_header_stdint_h=yes
ac_cv_header_stdlib_h=yes
ac_cv_header_string_h=yes
ac_cv_header_strings_h=yes
ac_cv_header_sys_stat_h=yes
ac_cv_header_sys_types_h=yes
ac_cv_header_unistd_h=yes
ac_cv_header_utf8_h=no
ac_cv_host=x86_64-pc-linux-gnu
ac_cv_lib_c_getgid=yes
ac_cv_lib_dl_dlopen=yes
ac_cv_lib_m_cos=yes
ac_cv_lib_pthread_pthread_mutex_init=yes
ac_cv_objext=o
ac_cv_path_EGREP='/usr/bin/grep -E'
ac_cv_path_FGREP='/usr/bin/grep -F'
ac_cv_path_GREP=/usr/bin/grep
ac_cv_path_PYTHON=/usr/bin/python3.7
ac_cv_path_SED=/usr/bin/sed
ac_cv_path_install='/usr/bin/install -c'
ac_cv_path_lt_DD=/usr/bin/dd
ac_cv_path_mkdir=/usr/bin/mkdir
ac_cv_prog_AWK=gawk
ac_cv_prog_CPP='gcc -E'
ac_cv_prog_CXXCPP='g++ -E'
ac_cv_prog_ac_ct_AR=ar
ac_cv_prog_ac_ct_CC=gcc
ac_cv_prog_ac_ct_CXX=g++
ac_cv_prog_ac_ct_MANIFEST_TOOL=mt
ac_cv_prog_ac_ct_OBJDUMP=objdump
ac_cv_prog_ac_ct_RANLIB=ranlib
ac_cv_prog_ac_ct_STRIP=strip
ac_cv_prog_cc_c89=
ac_cv_prog_cc_g=yes
ac_cv_prog_cxx_g=yes
ac_cv_prog_make_make_set=yes
ac_cv_type__Bool=no
ac_cv_type_ptrdiff_t=yes
ac_cv_type_size_t=yes
ac_cv_type_ssize_t=yes
am_cv_CC_dependencies_compiler_type=gcc3
am_cv_CXX_dependencies_compiler_type=gcc3
am_cv_ar_interface=ar
am_cv_make_support_nested_variables=yes
am_cv_prog_cc_c_o=yes
am_cv_python_platform=linux
am_cv_python_pyexecdir='${exec_prefix}/lib/python3.7/site-packages'
am_cv_python_pythondir='${prefix}/lib/python3.7/site-packages'
am_cv_python_version=3.7
ax_cv_cxx_compile_cxx11=yes
ax_cv_cxx_openmp=-fopenmp
lt_cv_ar_at_file=@
lt_cv_archive_cmds_need_lc=no
lt_cv_deplibs_check_method=pass_all
lt_cv_file_magic_cmd='$MAGIC_CMD'
lt_cv_file_magic_test_file=
lt_cv_ld_reload_flag=-r
lt_cv_nm_interface='BSD nm'
lt_cv_objdir=.libs
lt_cv_path_LD=/usr/bin/ld
lt_cv_path_LDCXX='/usr/bin/ld -m elf_x86_64'
lt_cv_path_NM='/usr/bin/nm -B'
lt_cv_path_mainfest_tool=no
lt_cv_prog_compiler_c_o=yes
lt_cv_prog_compiler_c_o_CXX=yes
lt_cv_prog_compiler_pic='-fPIC -DPIC'
lt_cv_prog_compiler_pic_CXX='-fPIC -DPIC'
lt_cv_prog_compiler_pic_works=yes
lt_cv_prog_compiler_pic_works_CXX=yes
lt_cv_prog_compiler_rtti_exceptions=no
lt_cv_prog_compiler_static_works=yes
lt_cv_prog_compiler_static_works_CXX=yes
lt_cv_prog_gnu_ld=yes
lt_cv_prog_gnu_ldcxx=yes
lt_cv_sharedlib_from_linklib_cmd='printf %s\n'
lt_cv_shlibpath_overrides_runpath=yes
lt_cv_sys_global_symbol_pipe='sed -n -e '\''s/^.*[	 ]\([ABCDGIRSTW][ABCDGIRSTW]*\)[	 ][	 ]*\([_A-Za-z][_A-Za-z0-9]*\)$/\1 \2 \2/p'\'' | sed '\''/ __gnu_lto/d'\'''
lt_cv_sys_global_symbol_to_c_name_address='sed -n -e '\''s/^: \(.*\) .*$/  {"\1", (void *) 0},/p'\'' -e '\''s/^[ABCDGIRSTW][ABCDGIRSTW]* .* \(.*\)$/  {"\1", (void *) \&\1},/p'\'''
lt_cv_sys_global_symbol_to_c_name_address_lib_prefix='sed -n -e '\''s/^: \(.*\) .*$/  {"\1", (void *) 0},/p'\'' -e '\''s/^[ABCDGIRSTW][ABCDGIRSTW]* .* \(lib.*\)$/  {"\1", (void *) \&\1},/p'\'' -e '\''s/^[ABCDGIRSTW][ABCDGIRSTW]* .* \(.*\)$/  {"lib\1", (void *) \&\1},/p'\'''
lt_cv_sys_global_symbol_to_cdecl='sed -n -e '\''s/^T .* \(.*\)$/extern int \1();/p'\'' -e '\''s/^[ABCDGIRSTW][ABCDGIRSTW]* .* \(.*\)$/extern char \1;/p'\'''
lt_cv_sys_global_symbol_to_import=
lt_cv_sys_max_cmd_len=1572864
lt_cv_to_host_file_cmd=func_convert_file_noop
lt_cv_to_tool_file_cmd=func_convert_file_noop
lt_cv_truncate_bin='/usr/bin/dd bs=4096 count=1'

## ----------------- ##
## Output variables. ##
## ----------------- ##

ACLOCAL='${SHELL} /opt/Downloads/jenc-Phonetisaurus/.autoconf/missing aclocal-1.15'
AMDEPBACKSLASH='\'
AMDEP_FALSE='#'
AMDEP_TRUE=''
AMTAR='$${TAR-tar}'
AM_BACKSLASH='\'
AM_DEFAULT_V='$(AM_DEFAULT_VERBOSITY)'
AM_DEFAULT_VERBOSITY='1'
AM_V='$(V)'
AR='ar'
AUTOCONF='${SHELL} /opt/Downloads/jenc-Phonetisaurus/.autoconf/missing autoconf'
AUTOHEADER='${SHELL} /opt/Downloads/jenc-Phonetisaurus/.autoconf/missing autoheader'
AUTOMAKE='${SHELL} /opt/Downloads/jenc-Phonetisaurus/.autoconf/missing automake-1.15'
AWK='gawk'
CC='gcc'
CCDEPMODE='depmode=gcc3'
CFLAGS='-g -O2'
CPP='gcc -E'
CPPFLAGS=''
CXX='g++'
CXXCPP='g++ -E'
CXXDEPMODE='depmode=gcc3'
CXXFLAGS='-g -O2'
CYGPATH_W='echo'
DEFS='-DPACKAGE_NAME=\"phonetisaurus\" -DPACKAGE_TARNAME=\"phonetisaurus\" -DPACKAGE_VERSION=\"0.8.1\" -DPACKAGE_STRING=\"phonetisaurus\ 0.8.1\" -DPACKAGE_BUGREPORT=\"phonetisaurus@gmail.com\" -DPACKAGE_URL=\"\" -DPACKAGE=\"phonetisaurus\" -DVERSION=\"0.8.1\" -DSTDC_HEADERS=1 -DHAVE_SYS_TYPES_H=1 -DHAVE_SYS_STAT_H=1 -DHAVE_STDLIB_H=1 -DHAVE_STRING_H=1 -DHAVE_MEMORY_H=1 -DHAVE_STRINGS_H=1 -DHAVE_INTTYPES_H=1 -DHAVE_STDINT_H=1 -DHAVE_UNISTD_H=1 -DHAVE_DLFCN_H=1 -DLT_OBJDIR=\".libs/\" -DHAVE_PYTHON=\"3.7\" -DHAVE_CXX11=1 -DHAVE_GETGID=1 -DHAVE_LIBDL=1 -DHAVE_LIBM=1 -DHAVE_LIBPTHREAD=1 -DHAVE_STDDEF_H=1 -DHAVE_STDLIB_H=1 -DHAVE_STRING_H=1 -DHAVE_PTRDIFF_T=1 -DHAVE_MEMMOVE=1 -DHAVE_STRCHR=1 -DHAVE_STRRCHR=1 -DHAVE_STRSPN=1 -DHAVE_FST_FST_H=1 -DHAVE_OPENMP=1'
DEPDIR='.deps'
DLLTOOL='false'
DSYMUTIL=''
DUMPBIN=''
ECHO_C=''
ECHO_N='-n'
ECHO_T=''
EGREP='/usr/bin/grep -E'
EXEEXT=''
FGREP='/usr/bin/grep -F'
GIT_REVISION='kaldi-19-g894fd9-dirty'
GREP='/usr/bin/grep'
HAVE_CXX11='1'
HAVE_PYTHON_DEV_FALSE='#'
HAVE_PYTHON_DEV_TRUE=''
HAVE_PYTHON_FALSE='#'
HAVE_PYTHON_TRUE=''
INSTALL_DATA='${INSTALL} -m 644'
INSTALL_PROGRAM='${INSTALL}'
INSTALL_SCRIPT='${INSTALL}'
INSTALL_STRIP_PROGRAM='$(install_sh) -c -s'
LD='/usr/bin/ld -m elf_x86_64'
LDFLAGS=''
LIBOBJS=''
LIBS='-lpthread -lm -ldl '
LIBTOOL='$(SHELL) $(top_builddir)/libtool'
LIPO=''
LN_S='ln -s'
LTLIBOBJS=''
LT_SYS_LIBRARY_PATH=''
MAINT='#'
MAINTAINER_MODE_FALSE=''
MAINTAINER_MODE_TRUE='#'
MAKEINFO='${SHELL} /opt/Downloads/jenc-Phonetisaurus/.autoconf/missing makeinfo'
MANIFEST_TOOL=':'
MKDIR_P='/usr/bin/mkdir -p'
NM='/usr/bin/nm -B'
NMEDIT=''
OBJDUMP='objdump'
OBJEXT='o'
OPENFST_CXXFLAGS=''
OPENFST_FALSE='#'
OPENFST_LDFLAGS='-lfst -lfstfar -lfstngram'
OPENFST_TRUE=''
OPENMP_CXXFLAGS='-fopenmp'
OPENMP_FALSE='#'
OPENMP_LDFLAGS=''
OPENMP_TRUE=''
OTOOL64=''
OTOOL=''
PACKAGE='phonetisaurus'
PACKAGE_BUGREPORT='phonetisaurus@gmail.com'
PACKAGE_NAME='phonetisaurus'
PACKAGE_STRING='phonetisaurus 0.8.1'
PACKAGE_TARNAME='phonetisaurus'
PACKAGE_URL=''
PACKAGE_VERSION='0.8.1'
PATH_SEPARATOR=':'
POW_LIB=''
PYTHON='/usr/bin/python3.7'
PYTHON_CPPFLAGS='-I/usr/include/python3.7m'
PYTHON_EXEC_PREFIX='${exec_prefix}'
PYTHON_EXTRA_LDFLAGS='-lcrypt -lpthread -ldl  -lutil -lm'
PYTHON_EXTRA_LIBS='-Xlinker -export-dynamic -Wl,-O1 -Wl,-Bsymbolic-functions'
PYTHON_LIBS='-L/usr/lib -lpython3.7m'
PYTHON_PLATFORM='linux'
PYTHON_PREFIX='${prefix}'
PYTHON_SITE_PKG='/usr/lib/python3/dist-packages'
PYTHON_VERSION='3.7'
RANLIB='ranlib'
SED='/usr/bin/sed'
SET_MAKE=''
SHELL='/bin/bash'
STRIP='strip'
UTFCPP_CXXFLAGS='-I ${top_srcdir}/src/3rdparty/utfcpp'
UTFCPP_FALSE=''
UTFCPP_TRUE='#'
VERSION='0.8.1'
WANT_OPENMP_FALSE=''
WANT_OPENMP_TRUE='#'
WANT_PYTHON_FALSE='#'
WANT_PYTHON_TRUE=''
ac_ct_AR='ar'
ac_ct_CC='gcc'
ac_ct_CXX='g++'
ac_ct_DUMPBIN=''
am__EXEEXT_FALSE=''
am__EXEEXT_TRUE='#'
am__fastdepCC_FALSE='#'
am__fastdepCC_TRUE=''
am__fastdepCXX_FALSE='#'
am__fastdepCXX_TRUE=''
am__include='include'
am__isrc=''
am__leading_dot='.'
am__nodep='_no'
am__quote=''
am__tar='$${TAR-tar} chof - "$$tardir"'
am__untar='$${TAR-tar} xf -'
bindir='${exec_prefix}/bin'
build='x86_64-pc-linux-gnu'
build_alias=''
build_cpu='x86_64'
build_os='linux-gnu'
build_vendor='pc'
datadir='${datarootdir}'
datarootdir='${prefix}/share'
docdir='${datarootdir}/doc/${PACKAGE_TARNAME}'
dvidir='${docdir}'
exec_prefix='${prefix}'
host='x86_64-pc-linux-gnu'
host_alias=''
host_cpu='x86_64'
host_os='linux-gnu'
host_vendor='pc'
htmldir='${docdir}'
includedir='${prefix}/include'
infodir='${datarootdir}/info'
install_sh='${SHELL} /opt/Downloads/jenc-Phonetisaurus/.autoconf/install-sh'
libdir='${exec_prefix}/lib'
libexecdir='${exec_prefix}/libexec'
localedir='${datarootdir}/locale'
localstatedir='${prefix}/var'
mandir='${datarootdir}/man'
mkdir_p='$(MKDIR_P)'
oldincludedir='/usr/include'
pdfdir='${docdir}'
pkgpyexecdir='${pyexecdir}/phonetisaurus'
pkgpythondir='${pythondir}/phonetisaurus'
prefix='/usr/local'
program_transform_name='s,x,x,'
psdir='${docdir}'
pyexecdir='${exec_prefix}/lib/python3.7/site-packages'
pythondir='${prefix}/lib/python3.7/site-packages'
runstatedir='${localstatedir}/run'
sbindir='${exec_prefix}/sbin'
sharedstatedir='${prefix}/com'
sysconfdir='${prefix}/etc'
target_alias=''

## ----------- ##
## confdefs.h. ##
## ----------- ##

/* confdefs.h */
#define PACKAGE_NAME "phonetisaurus"
#define PACKAGE_TARNAME "phonetisaurus"
#define PACKAGE_VERSION "0.8.1"
#define PACKAGE_STRING "phonetisaurus 0.8.1"
#define PACKAGE_BUGREPORT "phonetisaurus@gmail.com"
#define PACKAGE_URL ""
#define PACKAGE "phonetisaurus"
#define VERSION "0.8.1"
#define STDC_HEADERS 1
#define HAVE_SYS_TYPES_H 1
#define HAVE_SYS_STAT_H 1
#define HAVE_STDLIB_H 1
#define HAVE_STRING_H 1
#define HAVE_MEMORY_H 1
#define HAVE_STRINGS_H 1
#define HAVE_INTTYPES_H 1
#define HAVE_STDINT_H 1
#define HAVE_UNISTD_H 1
#define HAVE_DLFCN_H 1
#define LT_OBJDIR ".libs/"
#define HAVE_PYTHON "3.7"
#define HAVE_CXX11 1
#define HAVE_GETGID 1
#define HAVE_LIBDL 1
#define HAVE_LIBM 1
#define HAVE_LIBPTHREAD 1
#define HAVE_STDDEF_H 1
#define HAVE_STDLIB_H 1
#define HAVE_STRING_H 1
#define HAVE_PTRDIFF_T 1
#define HAVE_MEMMOVE 1
#define HAVE_STRCHR 1
#define HAVE_STRRCHR 1
#define HAVE_STRSPN 1
#define HAVE_FST_FST_H 1
#define HAVE_OPENMP 1

configure: exit 0
